[20-Dec-2015 23:27:17 UTC] PHP Fatal error:  Call to undefined function the() in /Applications/MAMP/htdocs/rsk/wp-content/themes/bootstrap_tm/page-bios-dynamic.php on line 47
[20-Dec-2015 23:27:19 UTC] PHP Fatal error:  Call to undefined function the() in /Applications/MAMP/htdocs/rsk/wp-content/themes/bootstrap_tm/page-bios-dynamic.php on line 47
[21-Dec-2015 19:56:23 UTC] PHP Fatal error:  Call to undefined function get_() in /Applications/MAMP/htdocs/rsk/wp-content/themes/bootstrap_tm/single.php on line 35
[21-Dec-2015 19:56:43 UTC] PHP Fatal error:  Call to undefined function get_() in /Applications/MAMP/htdocs/rsk/wp-content/themes/bootstrap_tm/single.php on line 35
[29-Dec-2015 14:33:29 UTC] PHP Parse error:  syntax error, unexpected 'while' (T_WHILE) in /Applications/MAMP/htdocs/rsk/wp-content/themes/bootstrap_tm/page-bios.php on line 36
[29-Dec-2015 14:35:40 UTC] PHP Parse error:  syntax error, unexpected 'echo' (T_ECHO) in /Applications/MAMP/htdocs/rsk/wp-content/themes/bootstrap_tm/page-bios.php on line 48
[29-Dec-2015 14:36:03 UTC] PHP Parse error:  syntax error, unexpected 'echo' (T_ECHO) in /Applications/MAMP/htdocs/rsk/wp-content/themes/bootstrap_tm/page-bios.php on line 48
[29-Dec-2015 14:36:05 UTC] PHP Parse error:  syntax error, unexpected 'echo' (T_ECHO) in /Applications/MAMP/htdocs/rsk/wp-content/themes/bootstrap_tm/page-bios.php on line 48
[29-Dec-2015 14:39:20 UTC] PHP Parse error:  syntax error, unexpected 'echo' (T_ECHO) in /Applications/MAMP/htdocs/rsk/wp-content/themes/bootstrap_tm/page-bios.php on line 55
[29-Dec-2015 14:41:51 UTC] PHP Parse error:  syntax error, unexpected '}' in /Applications/MAMP/htdocs/rsk/wp-content/themes/bootstrap_tm/page-bios.php on line 49
[29-Dec-2015 14:41:55 UTC] PHP Notice:  Undefined variable: offeset_style in /Applications/MAMP/htdocs/rsk/wp-content/themes/bootstrap_tm/page-bios.php on line 61
[29-Dec-2015 14:41:55 UTC] PHP Notice:  Undefined variable: offeset_style in /Applications/MAMP/htdocs/rsk/wp-content/themes/bootstrap_tm/page-bios.php on line 61
[29-Dec-2015 14:41:55 UTC] PHP Notice:  Undefined variable: offeset_style in /Applications/MAMP/htdocs/rsk/wp-content/themes/bootstrap_tm/page-bios.php on line 61
[29-Dec-2015 14:42:27 UTC] PHP Notice:  Undefined variable: offeset_style in /Applications/MAMP/htdocs/rsk/wp-content/themes/bootstrap_tm/page-bios.php on line 61
[29-Dec-2015 14:42:27 UTC] PHP Notice:  Undefined variable: offeset_style in /Applications/MAMP/htdocs/rsk/wp-content/themes/bootstrap_tm/page-bios.php on line 61
[29-Dec-2015 14:42:27 UTC] PHP Notice:  Undefined variable: offeset_style in /Applications/MAMP/htdocs/rsk/wp-content/themes/bootstrap_tm/page-bios.php on line 61
[29-Dec-2015 18:26:16 UTC] PHP Strict Standards:  Only variables should be assigned by reference in /Applications/MAMP/htdocs/rsk/wp-content/plugins/permalink-editor/index.php on line 392
[29-Dec-2015 18:26:24 UTC] PHP Strict Standards:  Only variables should be assigned by reference in /Applications/MAMP/htdocs/rsk/wp-content/plugins/permalink-editor/index.php on line 392
[29-Dec-2015 18:26:30 UTC] PHP Strict Standards:  Only variables should be assigned by reference in /Applications/MAMP/htdocs/rsk/wp-content/plugins/permalink-editor/index.php on line 392
[29-Dec-2015 18:26:57 UTC] PHP Strict Standards:  Only variables should be assigned by reference in /Applications/MAMP/htdocs/rsk/wp-content/plugins/permalink-editor/index.php on line 392
[29-Dec-2015 18:27:16 UTC] PHP Strict Standards:  Only variables should be assigned by reference in /Applications/MAMP/htdocs/rsk/wp-content/plugins/permalink-editor/index.php on line 392
[29-Dec-2015 18:27:32 UTC] PHP Strict Standards:  Only variables should be assigned by reference in /Applications/MAMP/htdocs/rsk/wp-content/plugins/permalink-editor/index.php on line 392
[29-Dec-2015 18:27:54 UTC] PHP Strict Standards:  Only variables should be assigned by reference in /Applications/MAMP/htdocs/rsk/wp-content/plugins/permalink-editor/index.php on line 392
[29-Dec-2015 18:27:59 UTC] PHP Strict Standards:  Only variables should be assigned by reference in /Applications/MAMP/htdocs/rsk/wp-content/plugins/permalink-editor/index.php on line 392
[29-Dec-2015 18:28:28 UTC] PHP Strict Standards:  Only variables should be assigned by reference in /Applications/MAMP/htdocs/rsk/wp-content/plugins/permalink-editor/index.php on line 392
[29-Dec-2015 18:28:49 UTC] PHP Strict Standards:  Only variables should be assigned by reference in /Applications/MAMP/htdocs/rsk/wp-content/plugins/permalink-editor/index.php on line 392
[29-Dec-2015 18:28:52 UTC] PHP Strict Standards:  Only variables should be assigned by reference in /Applications/MAMP/htdocs/rsk/wp-content/plugins/permalink-editor/index.php on line 392
[29-Dec-2015 18:29:48 UTC] PHP Strict Standards:  Only variables should be assigned by reference in /Applications/MAMP/htdocs/rsk/wp-content/plugins/permalink-editor/index.php on line 392
[29-Dec-2015 18:30:51 UTC] PHP Strict Standards:  Only variables should be assigned by reference in /Applications/MAMP/htdocs/rsk/wp-content/plugins/permalink-editor/index.php on line 392
[29-Dec-2015 18:30:57 UTC] PHP Strict Standards:  Only variables should be assigned by reference in /Applications/MAMP/htdocs/rsk/wp-content/plugins/permalink-editor/index.php on line 392
[29-Dec-2015 18:31:04 UTC] PHP Strict Standards:  Only variables should be assigned by reference in /Applications/MAMP/htdocs/rsk/wp-content/plugins/permalink-editor/index.php on line 392
[29-Dec-2015 18:31:08 UTC] PHP Strict Standards:  Only variables should be assigned by reference in /Applications/MAMP/htdocs/rsk/wp-content/plugins/permalink-editor/index.php on line 392
[29-Dec-2015 18:31:16 UTC] PHP Strict Standards:  Only variables should be assigned by reference in /Applications/MAMP/htdocs/rsk/wp-content/plugins/permalink-editor/index.php on line 392
[29-Dec-2015 18:31:25 UTC] PHP Strict Standards:  Only variables should be assigned by reference in /Applications/MAMP/htdocs/rsk/wp-content/plugins/permalink-editor/index.php on line 392
[29-Dec-2015 18:33:16 UTC] PHP Strict Standards:  Only variables should be assigned by reference in /Applications/MAMP/htdocs/rsk/wp-content/plugins/permalink-editor/index.php on line 392
[29-Dec-2015 18:34:43 UTC] PHP Strict Standards:  Only variables should be assigned by reference in /Applications/MAMP/htdocs/rsk/wp-content/plugins/permalink-editor/index.php on line 392
[29-Dec-2015 18:34:53 UTC] PHP Strict Standards:  Only variables should be assigned by reference in /Applications/MAMP/htdocs/rsk/wp-content/plugins/permalink-editor/index.php on line 392
[29-Dec-2015 18:35:11 UTC] PHP Strict Standards:  Only variables should be assigned by reference in /Applications/MAMP/htdocs/rsk/wp-content/plugins/permalink-editor/index.php on line 392
[29-Dec-2015 18:35:17 UTC] PHP Strict Standards:  Only variables should be assigned by reference in /Applications/MAMP/htdocs/rsk/wp-content/plugins/permalink-editor/index.php on line 392
[29-Dec-2015 18:35:27 UTC] PHP Strict Standards:  Only variables should be assigned by reference in /Applications/MAMP/htdocs/rsk/wp-content/plugins/permalink-editor/index.php on line 392
[29-Dec-2015 18:35:30 UTC] PHP Strict Standards:  Only variables should be assigned by reference in /Applications/MAMP/htdocs/rsk/wp-content/plugins/permalink-editor/index.php on line 392
[29-Dec-2015 18:35:40 UTC] PHP Strict Standards:  Only variables should be assigned by reference in /Applications/MAMP/htdocs/rsk/wp-content/plugins/permalink-editor/index.php on line 392
[29-Dec-2015 18:42:01 UTC] PHP Strict Standards:  Only variables should be assigned by reference in /Applications/MAMP/htdocs/rsk/wp-content/plugins/permalink-editor/index.php on line 392
[29-Dec-2015 18:42:07 UTC] PHP Strict Standards:  Only variables should be assigned by reference in /Applications/MAMP/htdocs/rsk/wp-content/plugins/permalink-editor/index.php on line 392
[29-Dec-2015 18:42:17 UTC] PHP Strict Standards:  Only variables should be assigned by reference in /Applications/MAMP/htdocs/rsk/wp-content/plugins/permalink-editor/index.php on line 392
[29-Dec-2015 18:42:25 UTC] PHP Strict Standards:  Only variables should be assigned by reference in /Applications/MAMP/htdocs/rsk/wp-content/plugins/permalink-editor/index.php on line 392
[29-Dec-2015 18:42:28 UTC] PHP Strict Standards:  Only variables should be assigned by reference in /Applications/MAMP/htdocs/rsk/wp-content/plugins/permalink-editor/index.php on line 392
[29-Dec-2015 18:42:35 UTC] PHP Strict Standards:  Only variables should be assigned by reference in /Applications/MAMP/htdocs/rsk/wp-content/plugins/permalink-editor/index.php on line 392
[29-Dec-2015 18:43:06 UTC] PHP Strict Standards:  Only variables should be assigned by reference in /Applications/MAMP/htdocs/rsk/wp-content/plugins/permalink-editor/index.php on line 392
[29-Dec-2015 18:48:11 UTC] PHP Strict Standards:  Only variables should be assigned by reference in /Applications/MAMP/htdocs/rsk/wp-content/plugins/permalink-editor/index.php on line 392
[29-Dec-2015 20:37:59 UTC] PHP Strict Standards:  Only variables should be assigned by reference in /Applications/MAMP/htdocs/rsk/wp-content/plugins/permalink-editor/index.php on line 392
[29-Dec-2015 20:38:10 UTC] PHP Strict Standards:  Only variables should be assigned by reference in /Applications/MAMP/htdocs/rsk/wp-content/plugins/permalink-editor/index.php on line 392
[29-Dec-2015 20:44:15 UTC] PHP Strict Standards:  Only variables should be assigned by reference in /Applications/MAMP/htdocs/rsk/wp-content/plugins/permalink-editor/index.php on line 392
[29-Dec-2015 20:45:30 UTC] PHP Strict Standards:  Only variables should be assigned by reference in /Applications/MAMP/htdocs/rsk/wp-content/plugins/permalink-editor/index.php on line 392
[29-Dec-2015 20:46:35 UTC] PHP Strict Standards:  Only variables should be assigned by reference in /Applications/MAMP/htdocs/rsk/wp-content/plugins/permalink-editor/index.php on line 392
[29-Dec-2015 20:46:52 UTC] PHP Strict Standards:  Only variables should be assigned by reference in /Applications/MAMP/htdocs/rsk/wp-content/plugins/permalink-editor/index.php on line 392
[29-Dec-2015 20:47:27 UTC] PHP Strict Standards:  Only variables should be assigned by reference in /Applications/MAMP/htdocs/rsk/wp-content/plugins/permalink-editor/index.php on line 392
[29-Dec-2015 20:48:48 UTC] PHP Strict Standards:  Only variables should be assigned by reference in /Applications/MAMP/htdocs/rsk/wp-content/plugins/permalink-editor/index.php on line 392
[29-Dec-2015 20:49:00 UTC] PHP Strict Standards:  Only variables should be assigned by reference in /Applications/MAMP/htdocs/rsk/wp-content/plugins/permalink-editor/index.php on line 392
[29-Dec-2015 20:52:39 UTC] PHP Strict Standards:  Only variables should be assigned by reference in /Applications/MAMP/htdocs/rsk/wp-content/plugins/permalink-editor/index.php on line 392
[29-Dec-2015 20:53:09 UTC] PHP Strict Standards:  Only variables should be assigned by reference in /Applications/MAMP/htdocs/rsk/wp-content/plugins/permalink-editor/index.php on line 392
[29-Dec-2015 20:53:30 UTC] PHP Strict Standards:  Only variables should be assigned by reference in /Applications/MAMP/htdocs/rsk/wp-content/plugins/permalink-editor/index.php on line 392
[29-Dec-2015 20:53:57 UTC] PHP Strict Standards:  Only variables should be assigned by reference in /Applications/MAMP/htdocs/rsk/wp-content/plugins/permalink-editor/index.php on line 392
[29-Dec-2015 20:58:13 UTC] PHP Strict Standards:  Only variables should be assigned by reference in /Applications/MAMP/htdocs/rsk/wp-content/plugins/permalink-editor/index.php on line 392
[29-Dec-2015 21:00:56 UTC] PHP Strict Standards:  Only variables should be assigned by reference in /Applications/MAMP/htdocs/rsk/wp-content/plugins/permalink-editor/index.php on line 392
[29-Dec-2015 21:01:24 UTC] PHP Strict Standards:  Only variables should be assigned by reference in /Applications/MAMP/htdocs/rsk/wp-content/plugins/permalink-editor/index.php on line 392
[29-Dec-2015 21:02:42 UTC] PHP Strict Standards:  Only variables should be assigned by reference in /Applications/MAMP/htdocs/rsk/wp-content/plugins/permalink-editor/index.php on line 392
[29-Dec-2015 21:03:28 UTC] PHP Strict Standards:  Only variables should be assigned by reference in /Applications/MAMP/htdocs/rsk/wp-content/plugins/permalink-editor/index.php on line 392
[29-Dec-2015 21:04:28 UTC] PHP Strict Standards:  Only variables should be assigned by reference in /Applications/MAMP/htdocs/rsk/wp-content/plugins/permalink-editor/index.php on line 392
[29-Dec-2015 21:06:29 UTC] PHP Strict Standards:  Only variables should be assigned by reference in /Applications/MAMP/htdocs/rsk/wp-content/plugins/permalink-editor/index.php on line 392
[29-Dec-2015 21:06:45 UTC] PHP Strict Standards:  Only variables should be assigned by reference in /Applications/MAMP/htdocs/rsk/wp-content/plugins/permalink-editor/index.php on line 392
[29-Dec-2015 21:09:37 UTC] PHP Strict Standards:  Only variables should be assigned by reference in /Applications/MAMP/htdocs/rsk/wp-content/plugins/permalink-editor/index.php on line 392
[29-Dec-2015 21:09:57 UTC] PHP Strict Standards:  Only variables should be assigned by reference in /Applications/MAMP/htdocs/rsk/wp-content/plugins/permalink-editor/index.php on line 392
[29-Dec-2015 21:32:18 UTC] PHP Strict Standards:  Only variables should be assigned by reference in /Applications/MAMP/htdocs/rsk/wp-content/plugins/permalink-editor/index.php on line 392
[29-Dec-2015 21:32:41 UTC] PHP Strict Standards:  Only variables should be assigned by reference in /Applications/MAMP/htdocs/rsk/wp-content/plugins/permalink-editor/index.php on line 392
[29-Dec-2015 21:33:45 UTC] PHP Strict Standards:  Only variables should be assigned by reference in /Applications/MAMP/htdocs/rsk/wp-content/plugins/permalink-editor/index.php on line 392
[29-Dec-2015 21:35:06 UTC] PHP Strict Standards:  Only variables should be assigned by reference in /Applications/MAMP/htdocs/rsk/wp-content/plugins/permalink-editor/index.php on line 392
[29-Dec-2015 21:41:58 UTC] PHP Strict Standards:  Only variables should be assigned by reference in /Applications/MAMP/htdocs/rsk/wp-content/plugins/permalink-editor/index.php on line 392
[29-Dec-2015 21:42:51 UTC] PHP Strict Standards:  Only variables should be assigned by reference in /Applications/MAMP/htdocs/rsk/wp-content/plugins/permalink-editor/index.php on line 392
[29-Dec-2015 21:43:21 UTC] PHP Strict Standards:  Only variables should be assigned by reference in /Applications/MAMP/htdocs/rsk/wp-content/plugins/permalink-editor/index.php on line 392
[29-Dec-2015 21:44:27 UTC] PHP Strict Standards:  Only variables should be assigned by reference in /Applications/MAMP/htdocs/rsk/wp-content/plugins/permalink-editor/index.php on line 392
[29-Dec-2015 21:44:58 UTC] PHP Strict Standards:  Only variables should be assigned by reference in /Applications/MAMP/htdocs/rsk/wp-content/plugins/permalink-editor/index.php on line 392
[29-Dec-2015 21:45:07 UTC] PHP Strict Standards:  Only variables should be assigned by reference in /Applications/MAMP/htdocs/rsk/wp-content/plugins/permalink-editor/index.php on line 392
[29-Dec-2015 21:45:19 UTC] PHP Strict Standards:  Only variables should be assigned by reference in /Applications/MAMP/htdocs/rsk/wp-content/plugins/permalink-editor/index.php on line 392
[29-Dec-2015 21:45:59 UTC] PHP Strict Standards:  Only variables should be assigned by reference in /Applications/MAMP/htdocs/rsk/wp-content/plugins/permalink-editor/index.php on line 392
[29-Dec-2015 21:46:23 UTC] PHP Strict Standards:  Only variables should be assigned by reference in /Applications/MAMP/htdocs/rsk/wp-content/plugins/permalink-editor/index.php on line 392
[29-Dec-2015 21:47:19 UTC] PHP Strict Standards:  Only variables should be assigned by reference in /Applications/MAMP/htdocs/rsk/wp-content/plugins/permalink-editor/index.php on line 392
[29-Dec-2015 21:49:11 UTC] PHP Strict Standards:  Only variables should be assigned by reference in /Applications/MAMP/htdocs/rsk/wp-content/plugins/permalink-editor/index.php on line 392
[29-Dec-2015 21:49:33 UTC] PHP Strict Standards:  Only variables should be assigned by reference in /Applications/MAMP/htdocs/rsk/wp-content/plugins/permalink-editor/index.php on line 392
[29-Dec-2015 21:49:40 UTC] PHP Strict Standards:  Only variables should be assigned by reference in /Applications/MAMP/htdocs/rsk/wp-content/plugins/permalink-editor/index.php on line 392
[29-Dec-2015 21:49:58 UTC] PHP Strict Standards:  Only variables should be assigned by reference in /Applications/MAMP/htdocs/rsk/wp-content/plugins/permalink-editor/index.php on line 392
[29-Dec-2015 21:50:15 UTC] PHP Strict Standards:  Only variables should be assigned by reference in /Applications/MAMP/htdocs/rsk/wp-content/plugins/permalink-editor/index.php on line 392
[29-Dec-2015 21:53:10 UTC] PHP Strict Standards:  Only variables should be assigned by reference in /Applications/MAMP/htdocs/rsk/wp-content/plugins/permalink-editor/index.php on line 392
[29-Dec-2015 21:53:17 UTC] PHP Strict Standards:  Only variables should be assigned by reference in /Applications/MAMP/htdocs/rsk/wp-content/plugins/permalink-editor/index.php on line 392
[29-Dec-2015 21:53:25 UTC] PHP Strict Standards:  Only variables should be assigned by reference in /Applications/MAMP/htdocs/rsk/wp-content/plugins/permalink-editor/index.php on line 392
[29-Dec-2015 21:56:18 UTC] PHP Strict Standards:  Only variables should be assigned by reference in /Applications/MAMP/htdocs/rsk/wp-content/plugins/permalink-editor/index.php on line 392
[29-Dec-2015 21:56:24 UTC] PHP Strict Standards:  Only variables should be assigned by reference in /Applications/MAMP/htdocs/rsk/wp-content/plugins/permalink-editor/index.php on line 392
[29-Dec-2015 21:56:58 UTC] PHP Strict Standards:  Only variables should be assigned by reference in /Applications/MAMP/htdocs/rsk/wp-content/plugins/permalink-editor/index.php on line 392
[29-Dec-2015 21:57:08 UTC] PHP Strict Standards:  Only variables should be assigned by reference in /Applications/MAMP/htdocs/rsk/wp-content/plugins/permalink-editor/index.php on line 392
[29-Dec-2015 21:57:12 UTC] PHP Strict Standards:  Only variables should be assigned by reference in /Applications/MAMP/htdocs/rsk/wp-content/plugins/permalink-editor/index.php on line 392
[29-Dec-2015 21:57:24 UTC] PHP Strict Standards:  Only variables should be assigned by reference in /Applications/MAMP/htdocs/rsk/wp-content/plugins/permalink-editor/index.php on line 392
[29-Dec-2015 21:57:29 UTC] PHP Strict Standards:  Only variables should be assigned by reference in /Applications/MAMP/htdocs/rsk/wp-content/plugins/permalink-editor/index.php on line 392
[29-Dec-2015 21:57:42 UTC] PHP Strict Standards:  Only variables should be assigned by reference in /Applications/MAMP/htdocs/rsk/wp-content/plugins/permalink-editor/index.php on line 392
[29-Dec-2015 21:58:45 UTC] PHP Strict Standards:  Only variables should be assigned by reference in /Applications/MAMP/htdocs/rsk/wp-content/plugins/permalink-editor/index.php on line 392
[29-Dec-2015 21:58:54 UTC] PHP Strict Standards:  Only variables should be assigned by reference in /Applications/MAMP/htdocs/rsk/wp-content/plugins/permalink-editor/index.php on line 392
[29-Dec-2015 21:59:09 UTC] PHP Strict Standards:  Only variables should be assigned by reference in /Applications/MAMP/htdocs/rsk/wp-content/plugins/permalink-editor/index.php on line 392
[29-Dec-2015 21:59:15 UTC] PHP Strict Standards:  Only variables should be assigned by reference in /Applications/MAMP/htdocs/rsk/wp-content/plugins/permalink-editor/index.php on line 392
[29-Dec-2015 21:59:24 UTC] PHP Strict Standards:  Only variables should be assigned by reference in /Applications/MAMP/htdocs/rsk/wp-content/plugins/permalink-editor/index.php on line 392
[29-Dec-2015 21:59:42 UTC] PHP Strict Standards:  Only variables should be assigned by reference in /Applications/MAMP/htdocs/rsk/wp-content/plugins/permalink-editor/index.php on line 392
[29-Dec-2015 22:00:32 UTC] PHP Strict Standards:  Only variables should be assigned by reference in /Applications/MAMP/htdocs/rsk/wp-content/plugins/permalink-editor/index.php on line 392
[29-Dec-2015 22:00:42 UTC] PHP Strict Standards:  Only variables should be assigned by reference in /Applications/MAMP/htdocs/rsk/wp-content/plugins/permalink-editor/index.php on line 392
[29-Dec-2015 22:00:49 UTC] PHP Strict Standards:  Only variables should be assigned by reference in /Applications/MAMP/htdocs/rsk/wp-content/plugins/permalink-editor/index.php on line 392
[29-Dec-2015 22:01:09 UTC] PHP Strict Standards:  Only variables should be assigned by reference in /Applications/MAMP/htdocs/rsk/wp-content/plugins/permalink-editor/index.php on line 392
[29-Dec-2015 22:02:07 UTC] PHP Strict Standards:  Only variables should be assigned by reference in /Applications/MAMP/htdocs/rsk/wp-content/plugins/permalink-editor/index.php on line 392
[29-Dec-2015 22:02:14 UTC] PHP Strict Standards:  Only variables should be assigned by reference in /Applications/MAMP/htdocs/rsk/wp-content/plugins/permalink-editor/index.php on line 392
[29-Dec-2015 22:02:30 UTC] PHP Strict Standards:  Only variables should be assigned by reference in /Applications/MAMP/htdocs/rsk/wp-content/plugins/permalink-editor/index.php on line 392
[29-Dec-2015 22:02:32 UTC] PHP Fatal error:  Call to undefined function get_() in /Applications/MAMP/htdocs/rsk/wp-content/themes/bootstrap_tm/single.php on line 35
[29-Dec-2015 22:04:30 UTC] PHP Strict Standards:  Only variables should be assigned by reference in /Applications/MAMP/htdocs/rsk/wp-content/plugins/permalink-editor/index.php on line 392
[29-Dec-2015 22:04:56 UTC] PHP Strict Standards:  Only variables should be assigned by reference in /Applications/MAMP/htdocs/rsk/wp-content/plugins/permalink-editor/index.php on line 392
[29-Dec-2015 22:05:06 UTC] PHP Strict Standards:  Only variables should be assigned by reference in /Applications/MAMP/htdocs/rsk/wp-content/plugins/permalink-editor/index.php on line 392
[29-Dec-2015 22:05:13 UTC] PHP Strict Standards:  Only variables should be assigned by reference in /Applications/MAMP/htdocs/rsk/wp-content/plugins/permalink-editor/index.php on line 392
[29-Dec-2015 22:05:42 UTC] PHP Strict Standards:  Only variables should be assigned by reference in /Applications/MAMP/htdocs/rsk/wp-content/plugins/permalink-editor/index.php on line 392
[29-Dec-2015 22:16:36 UTC] PHP Strict Standards:  Only variables should be assigned by reference in /Applications/MAMP/htdocs/rsk/wp-content/plugins/permalink-editor/index.php on line 392
[29-Dec-2015 22:16:49 UTC] PHP Strict Standards:  Only variables should be assigned by reference in /Applications/MAMP/htdocs/rsk/wp-content/plugins/permalink-editor/index.php on line 392
[29-Dec-2015 22:17:45 UTC] PHP Strict Standards:  Only variables should be assigned by reference in /Applications/MAMP/htdocs/rsk/wp-content/plugins/permalink-editor/index.php on line 392
[29-Dec-2015 22:17:47 UTC] PHP Fatal error:  Call to undefined function get_() in /Applications/MAMP/htdocs/rsk/wp-content/themes/bootstrap_tm/single.php on line 35
[29-Dec-2015 22:17:49 UTC] PHP Fatal error:  Call to undefined function get_() in /Applications/MAMP/htdocs/rsk/wp-content/themes/bootstrap_tm/single.php on line 35
[29-Dec-2015 22:19:11 UTC] PHP Strict Standards:  Only variables should be assigned by reference in /Applications/MAMP/htdocs/rsk/wp-content/plugins/permalink-editor/index.php on line 392
[29-Dec-2015 22:19:23 UTC] PHP Strict Standards:  Only variables should be assigned by reference in /Applications/MAMP/htdocs/rsk/wp-content/plugins/permalink-editor/index.php on line 392
[29-Dec-2015 22:19:48 UTC] PHP Strict Standards:  Only variables should be assigned by reference in /Applications/MAMP/htdocs/rsk/wp-content/plugins/permalink-editor/index.php on line 392
[29-Dec-2015 22:19:54 UTC] PHP Strict Standards:  Only variables should be assigned by reference in /Applications/MAMP/htdocs/rsk/wp-content/plugins/permalink-editor/index.php on line 392
[29-Dec-2015 22:20:00 UTC] PHP Strict Standards:  Only variables should be assigned by reference in /Applications/MAMP/htdocs/rsk/wp-content/plugins/permalink-editor/index.php on line 392
[29-Dec-2015 22:20:03 UTC] PHP Strict Standards:  Only variables should be assigned by reference in /Applications/MAMP/htdocs/rsk/wp-content/plugins/permalink-editor/index.php on line 392
[29-Dec-2015 22:23:34 UTC] PHP Strict Standards:  Only variables should be assigned by reference in /Applications/MAMP/htdocs/rsk/wp-content/plugins/permalink-editor/index.php on line 392
[29-Dec-2015 22:23:47 UTC] PHP Strict Standards:  Only variables should be assigned by reference in /Applications/MAMP/htdocs/rsk/wp-content/plugins/permalink-editor/index.php on line 392
[29-Dec-2015 22:23:51 UTC] PHP Fatal error:  Call to undefined function get_() in /Applications/MAMP/htdocs/rsk/wp-content/themes/bootstrap_tm/single.php on line 35
[29-Dec-2015 22:23:56 UTC] PHP Strict Standards:  Only variables should be assigned by reference in /Applications/MAMP/htdocs/rsk/wp-content/plugins/permalink-editor/index.php on line 392
[29-Dec-2015 22:24:00 UTC] PHP Strict Standards:  Only variables should be assigned by reference in /Applications/MAMP/htdocs/rsk/wp-content/plugins/permalink-editor/index.php on line 392
[29-Dec-2015 22:24:55 UTC] PHP Strict Standards:  Only variables should be assigned by reference in /Applications/MAMP/htdocs/rsk/wp-content/plugins/permalink-editor/index.php on line 392
[29-Dec-2015 22:24:58 UTC] PHP Strict Standards:  Only variables should be assigned by reference in /Applications/MAMP/htdocs/rsk/wp-content/plugins/permalink-editor/index.php on line 392
[29-Dec-2015 22:25:03 UTC] PHP Strict Standards:  Only variables should be assigned by reference in /Applications/MAMP/htdocs/rsk/wp-content/plugins/permalink-editor/index.php on line 392
[29-Dec-2015 22:25:16 UTC] PHP Strict Standards:  Only variables should be assigned by reference in /Applications/MAMP/htdocs/rsk/wp-content/plugins/permalink-editor/index.php on line 392
[29-Dec-2015 22:25:22 UTC] PHP Strict Standards:  Only variables should be assigned by reference in /Applications/MAMP/htdocs/rsk/wp-content/plugins/permalink-editor/index.php on line 392
[29-Dec-2015 22:25:25 UTC] PHP Strict Standards:  Only variables should be assigned by reference in /Applications/MAMP/htdocs/rsk/wp-content/plugins/permalink-editor/index.php on line 392
[29-Dec-2015 22:26:20 UTC] PHP Strict Standards:  Only variables should be assigned by reference in /Applications/MAMP/htdocs/rsk/wp-content/plugins/permalink-editor/index.php on line 392
[29-Dec-2015 22:26:24 UTC] PHP Strict Standards:  Only variables should be assigned by reference in /Applications/MAMP/htdocs/rsk/wp-content/plugins/permalink-editor/index.php on line 392
[29-Dec-2015 22:26:29 UTC] PHP Strict Standards:  Only variables should be assigned by reference in /Applications/MAMP/htdocs/rsk/wp-content/plugins/permalink-editor/index.php on line 392
[29-Dec-2015 22:26:50 UTC] PHP Strict Standards:  Only variables should be assigned by reference in /Applications/MAMP/htdocs/rsk/wp-content/plugins/permalink-editor/index.php on line 392
[29-Dec-2015 22:26:57 UTC] PHP Strict Standards:  Only variables should be assigned by reference in /Applications/MAMP/htdocs/rsk/wp-content/plugins/permalink-editor/index.php on line 392
[29-Dec-2015 22:27:08 UTC] PHP Strict Standards:  Only variables should be assigned by reference in /Applications/MAMP/htdocs/rsk/wp-content/plugins/permalink-editor/index.php on line 392
[29-Dec-2015 22:27:15 UTC] PHP Strict Standards:  Only variables should be assigned by reference in /Applications/MAMP/htdocs/rsk/wp-content/plugins/permalink-editor/index.php on line 392
[29-Dec-2015 22:27:30 UTC] PHP Strict Standards:  Only variables should be assigned by reference in /Applications/MAMP/htdocs/rsk/wp-content/plugins/permalink-editor/index.php on line 392
[29-Dec-2015 22:28:12 UTC] PHP Strict Standards:  Only variables should be assigned by reference in /Applications/MAMP/htdocs/rsk/wp-content/plugins/permalink-editor/index.php on line 392
[29-Dec-2015 22:28:25 UTC] PHP Strict Standards:  Only variables should be assigned by reference in /Applications/MAMP/htdocs/rsk/wp-content/plugins/permalink-editor/index.php on line 392
[29-Dec-2015 22:28:34 UTC] PHP Strict Standards:  Only variables should be assigned by reference in /Applications/MAMP/htdocs/rsk/wp-content/plugins/permalink-editor/index.php on line 392
[29-Dec-2015 22:28:41 UTC] PHP Strict Standards:  Only variables should be assigned by reference in /Applications/MAMP/htdocs/rsk/wp-content/plugins/permalink-editor/index.php on line 392
[29-Dec-2015 22:28:48 UTC] PHP Strict Standards:  Only variables should be assigned by reference in /Applications/MAMP/htdocs/rsk/wp-content/plugins/permalink-editor/index.php on line 392
[29-Dec-2015 22:29:11 UTC] PHP Strict Standards:  Only variables should be assigned by reference in /Applications/MAMP/htdocs/rsk/wp-content/plugins/permalink-editor/index.php on line 392
[29-Dec-2015 22:29:19 UTC] PHP Strict Standards:  Only variables should be assigned by reference in /Applications/MAMP/htdocs/rsk/wp-content/plugins/permalink-editor/index.php on line 392
[29-Dec-2015 22:29:23 UTC] PHP Strict Standards:  Only variables should be assigned by reference in /Applications/MAMP/htdocs/rsk/wp-content/plugins/permalink-editor/index.php on line 392
[29-Dec-2015 22:29:36 UTC] PHP Strict Standards:  Only variables should be assigned by reference in /Applications/MAMP/htdocs/rsk/wp-content/plugins/permalink-editor/index.php on line 392
[29-Dec-2015 22:30:27 UTC] PHP Strict Standards:  Only variables should be assigned by reference in /Applications/MAMP/htdocs/rsk/wp-content/plugins/permalink-editor/index.php on line 392
[29-Dec-2015 22:30:35 UTC] PHP Strict Standards:  Only variables should be assigned by reference in /Applications/MAMP/htdocs/rsk/wp-content/plugins/permalink-editor/index.php on line 392
[29-Dec-2015 22:34:07 UTC] PHP Catchable fatal error:  Object of class WP_Query could not be converted to string in /Applications/MAMP/htdocs/rsk/wp-content/themes/bootstrap_tm/page-bios.php on line 32
[29-Dec-2015 22:36:39 UTC] PHP Fatal error:  Cannot use object of type WP_Query as array in /Applications/MAMP/htdocs/rsk/wp-content/themes/bootstrap_tm/page-bios.php on line 32
[29-Dec-2015 22:38:27 UTC] PHP Notice:  Use of undefined constant posts - assumed 'posts' in /Applications/MAMP/htdocs/rsk/wp-content/themes/bootstrap_tm/page-bios.php on line 32
[29-Dec-2015 22:38:27 UTC] PHP Fatal error:  Cannot use object of type WP_Query as array in /Applications/MAMP/htdocs/rsk/wp-content/themes/bootstrap_tm/page-bios.php on line 32
[29-Dec-2015 22:38:32 UTC] PHP Fatal error:  Cannot use object of type WP_Query as array in /Applications/MAMP/htdocs/rsk/wp-content/themes/bootstrap_tm/page-bios.php on line 32
[29-Dec-2015 22:39:00 UTC] PHP Fatal error:  Call to undefined function reverse() in /Applications/MAMP/htdocs/rsk/wp-content/themes/bootstrap_tm/page-bios.php on line 32
[29-Dec-2015 22:39:05 UTC] PHP Parse error:  syntax error, unexpected '?>' in /Applications/MAMP/htdocs/rsk/wp-content/themes/bootstrap_tm/page-bios.php on line 32
[29-Dec-2015 22:39:07 UTC] PHP Parse error:  syntax error, unexpected '?>' in /Applications/MAMP/htdocs/rsk/wp-content/themes/bootstrap_tm/page-bios.php on line 32
[29-Dec-2015 22:39:10 UTC] PHP Parse error:  syntax error, unexpected ';' in /Applications/MAMP/htdocs/rsk/wp-content/themes/bootstrap_tm/page-bios.php on line 32
[29-Dec-2015 22:46:47 UTC] PHP Strict Standards:  Only variables should be assigned by reference in /Applications/MAMP/htdocs/rsk/wp-content/plugins/permalink-editor/index.php on line 392
[29-Dec-2015 22:46:54 UTC] PHP Strict Standards:  Only variables should be assigned by reference in /Applications/MAMP/htdocs/rsk/wp-content/plugins/permalink-editor/index.php on line 392
[29-Dec-2015 22:47:34 UTC] PHP Strict Standards:  Only variables should be assigned by reference in /Applications/MAMP/htdocs/rsk/wp-content/plugins/permalink-editor/index.php on line 392
[29-Dec-2015 22:47:54 UTC] PHP Strict Standards:  Only variables should be assigned by reference in /Applications/MAMP/htdocs/rsk/wp-content/plugins/permalink-editor/index.php on line 392
[29-Dec-2015 22:47:58 UTC] PHP Strict Standards:  Only variables should be assigned by reference in /Applications/MAMP/htdocs/rsk/wp-content/plugins/permalink-editor/index.php on line 392
[29-Dec-2015 22:48:28 UTC] PHP Strict Standards:  Only variables should be assigned by reference in /Applications/MAMP/htdocs/rsk/wp-content/plugins/permalink-editor/index.php on line 392
[29-Dec-2015 22:49:33 UTC] PHP Strict Standards:  Only variables should be assigned by reference in /Applications/MAMP/htdocs/rsk/wp-content/plugins/permalink-editor/index.php on line 392
[29-Dec-2015 22:50:36 UTC] PHP Strict Standards:  Only variables should be assigned by reference in /Applications/MAMP/htdocs/rsk/wp-content/plugins/permalink-editor/index.php on line 392
[29-Dec-2015 22:50:39 UTC] PHP Strict Standards:  Only variables should be assigned by reference in /Applications/MAMP/htdocs/rsk/wp-content/plugins/permalink-editor/index.php on line 392
[29-Dec-2015 22:51:13 UTC] PHP Strict Standards:  Only variables should be assigned by reference in /Applications/MAMP/htdocs/rsk/wp-content/plugins/permalink-editor/index.php on line 392
[29-Dec-2015 22:51:31 UTC] PHP Strict Standards:  Only variables should be assigned by reference in /Applications/MAMP/htdocs/rsk/wp-content/plugins/permalink-editor/index.php on line 392
[29-Dec-2015 22:57:14 UTC] PHP Strict Standards:  Only variables should be assigned by reference in /Applications/MAMP/htdocs/rsk/wp-content/plugins/permalink-editor/index.php on line 392
[29-Dec-2015 22:57:20 UTC] PHP Strict Standards:  Only variables should be assigned by reference in /Applications/MAMP/htdocs/rsk/wp-content/plugins/permalink-editor/index.php on line 392
[29-Dec-2015 22:58:57 UTC] PHP Strict Standards:  Only variables should be assigned by reference in /Applications/MAMP/htdocs/rsk/wp-content/plugins/permalink-editor/index.php on line 392
[29-Dec-2015 22:59:01 UTC] PHP Strict Standards:  Only variables should be assigned by reference in /Applications/MAMP/htdocs/rsk/wp-content/plugins/permalink-editor/index.php on line 392
[29-Dec-2015 22:59:37 UTC] PHP Strict Standards:  Only variables should be assigned by reference in /Applications/MAMP/htdocs/rsk/wp-content/plugins/permalink-editor/index.php on line 392
[29-Dec-2015 23:00:08 UTC] PHP Strict Standards:  Only variables should be assigned by reference in /Applications/MAMP/htdocs/rsk/wp-content/plugins/permalink-editor/index.php on line 392
[29-Dec-2015 23:00:43 UTC] PHP Strict Standards:  Only variables should be assigned by reference in /Applications/MAMP/htdocs/rsk/wp-content/plugins/permalink-editor/index.php on line 392
[29-Dec-2015 23:00:46 UTC] PHP Strict Standards:  Only variables should be assigned by reference in /Applications/MAMP/htdocs/rsk/wp-content/plugins/permalink-editor/index.php on line 392
[29-Dec-2015 23:01:15 UTC] PHP Strict Standards:  Only variables should be assigned by reference in /Applications/MAMP/htdocs/rsk/wp-content/plugins/permalink-editor/index.php on line 392
[29-Dec-2015 23:01:48 UTC] PHP Strict Standards:  Only variables should be assigned by reference in /Applications/MAMP/htdocs/rsk/wp-content/plugins/permalink-editor/index.php on line 392
[29-Dec-2015 23:02:42 UTC] PHP Strict Standards:  Only variables should be assigned by reference in /Applications/MAMP/htdocs/rsk/wp-content/plugins/permalink-editor/index.php on line 392
[29-Dec-2015 23:02:44 UTC] PHP Strict Standards:  Only variables should be assigned by reference in /Applications/MAMP/htdocs/rsk/wp-content/plugins/permalink-editor/index.php on line 392
[29-Dec-2015 23:03:18 UTC] PHP Strict Standards:  Only variables should be assigned by reference in /Applications/MAMP/htdocs/rsk/wp-content/plugins/permalink-editor/index.php on line 392
[29-Dec-2015 23:03:23 UTC] PHP Strict Standards:  Only variables should be assigned by reference in /Applications/MAMP/htdocs/rsk/wp-content/plugins/permalink-editor/index.php on line 392
[29-Dec-2015 23:03:53 UTC] PHP Strict Standards:  Only variables should be assigned by reference in /Applications/MAMP/htdocs/rsk/wp-content/plugins/permalink-editor/index.php on line 392
[29-Dec-2015 23:05:54 UTC] PHP Strict Standards:  Only variables should be assigned by reference in /Applications/MAMP/htdocs/rsk/wp-content/plugins/permalink-editor/index.php on line 392
[29-Dec-2015 23:06:03 UTC] PHP Strict Standards:  Only variables should be assigned by reference in /Applications/MAMP/htdocs/rsk/wp-content/plugins/permalink-editor/index.php on line 392
[29-Dec-2015 23:06:08 UTC] PHP Strict Standards:  Only variables should be assigned by reference in /Applications/MAMP/htdocs/rsk/wp-content/plugins/permalink-editor/index.php on line 392
[29-Dec-2015 23:06:47 UTC] PHP Strict Standards:  Only variables should be assigned by reference in /Applications/MAMP/htdocs/rsk/wp-content/plugins/permalink-editor/index.php on line 392
[29-Dec-2015 23:07:14 UTC] PHP Strict Standards:  Only variables should be assigned by reference in /Applications/MAMP/htdocs/rsk/wp-content/plugins/permalink-editor/index.php on line 392
[29-Dec-2015 23:07:31 UTC] PHP Strict Standards:  Only variables should be assigned by reference in /Applications/MAMP/htdocs/rsk/wp-content/plugins/permalink-editor/index.php on line 392
[29-Dec-2015 23:07:46 UTC] PHP Strict Standards:  Only variables should be assigned by reference in /Applications/MAMP/htdocs/rsk/wp-content/plugins/permalink-editor/index.php on line 392
[29-Dec-2015 23:08:59 UTC] PHP Strict Standards:  Only variables should be assigned by reference in /Applications/MAMP/htdocs/rsk/wp-content/plugins/permalink-editor/index.php on line 392
[29-Dec-2015 23:09:45 UTC] PHP Strict Standards:  Only variables should be assigned by reference in /Applications/MAMP/htdocs/rsk/wp-content/plugins/permalink-editor/index.php on line 392
[29-Dec-2015 23:10:35 UTC] PHP Strict Standards:  Only variables should be assigned by reference in /Applications/MAMP/htdocs/rsk/wp-content/plugins/permalink-editor/index.php on line 392
[29-Dec-2015 23:14:47 UTC] PHP Strict Standards:  Only variables should be assigned by reference in /Applications/MAMP/htdocs/rsk/wp-content/plugins/permalink-editor/index.php on line 392
[29-Dec-2015 23:16:20 UTC] PHP Strict Standards:  Only variables should be assigned by reference in /Applications/MAMP/htdocs/rsk/wp-content/plugins/permalink-editor/index.php on line 392
[29-Dec-2015 23:21:26 UTC] PHP Strict Standards:  Only variables should be assigned by reference in /Applications/MAMP/htdocs/rsk/wp-content/plugins/permalink-editor/index.php on line 392
[29-Dec-2015 23:21:50 UTC] PHP Strict Standards:  Only variables should be assigned by reference in /Applications/MAMP/htdocs/rsk/wp-content/plugins/permalink-editor/index.php on line 392
[29-Dec-2015 23:23:12 UTC] PHP Strict Standards:  Only variables should be assigned by reference in /Applications/MAMP/htdocs/rsk/wp-content/plugins/permalink-editor/index.php on line 392
[29-Dec-2015 23:25:01 UTC] PHP Strict Standards:  Only variables should be assigned by reference in /Applications/MAMP/htdocs/rsk/wp-content/plugins/permalink-editor/index.php on line 392
[29-Dec-2015 23:27:18 UTC] PHP Strict Standards:  Only variables should be assigned by reference in /Applications/MAMP/htdocs/rsk/wp-content/plugins/permalink-editor/index.php on line 392
[29-Dec-2015 23:34:41 UTC] PHP Strict Standards:  Only variables should be assigned by reference in /Applications/MAMP/htdocs/rsk/wp-content/plugins/permalink-editor/index.php on line 392
[29-Dec-2015 23:38:22 UTC] PHP Strict Standards:  Only variables should be assigned by reference in /Applications/MAMP/htdocs/rsk/wp-content/plugins/permalink-editor/index.php on line 392
[29-Dec-2015 23:39:21 UTC] PHP Strict Standards:  Only variables should be assigned by reference in /Applications/MAMP/htdocs/rsk/wp-content/plugins/permalink-editor/index.php on line 392
[30-Dec-2015 05:01:23 UTC] PHP Strict Standards:  Redefining already defined constructor for class WXR_Parser_Regex in /Applications/MAMP/htdocs/rsk/wp-content/plugins/wordpress-importer/parsers.php on line 408
[30-Dec-2015 05:01:23 UTC] PHP Strict Standards:  Declaration of WP_Import::bump_request_timeout() should be compatible with WP_Importer::bump_request_timeout($val) in /Applications/MAMP/htdocs/rsk/wp-content/plugins/wordpress-importer/wordpress-importer.php on line 38
[30-Dec-2015 05:01:26 UTC] PHP Strict Standards:  Redefining already defined constructor for class WXR_Parser_Regex in /Applications/MAMP/htdocs/rsk/wp-content/plugins/wordpress-importer/parsers.php on line 408
[30-Dec-2015 05:01:26 UTC] PHP Strict Standards:  Declaration of WP_Import::bump_request_timeout() should be compatible with WP_Importer::bump_request_timeout($val) in /Applications/MAMP/htdocs/rsk/wp-content/plugins/wordpress-importer/wordpress-importer.php on line 38
[30-Dec-2015 05:01:32 UTC] PHP Strict Standards:  Redefining already defined constructor for class WXR_Parser_Regex in /Applications/MAMP/htdocs/rsk/wp-content/plugins/wordpress-importer/parsers.php on line 408
[30-Dec-2015 05:01:32 UTC] PHP Strict Standards:  Declaration of WP_Import::bump_request_timeout() should be compatible with WP_Importer::bump_request_timeout($val) in /Applications/MAMP/htdocs/rsk/wp-content/plugins/wordpress-importer/wordpress-importer.php on line 38
[30-Dec-2015 05:01:38 UTC] PHP Strict Standards:  Redefining already defined constructor for class WXR_Parser_Regex in /Applications/MAMP/htdocs/rsk/wp-content/plugins/wordpress-importer/parsers.php on line 408
[30-Dec-2015 05:01:38 UTC] PHP Strict Standards:  Declaration of WP_Import::bump_request_timeout() should be compatible with WP_Importer::bump_request_timeout($val) in /Applications/MAMP/htdocs/rsk/wp-content/plugins/wordpress-importer/wordpress-importer.php on line 38
[30-Dec-2015 05:01:41 UTC] PHP Strict Standards:  Redefining already defined constructor for class WXR_Parser_Regex in /Applications/MAMP/htdocs/rsk/wp-content/plugins/wordpress-importer/parsers.php on line 408
[30-Dec-2015 05:01:41 UTC] PHP Strict Standards:  Declaration of WP_Import::bump_request_timeout() should be compatible with WP_Importer::bump_request_timeout($val) in /Applications/MAMP/htdocs/rsk/wp-content/plugins/wordpress-importer/wordpress-importer.php on line 38
[30-Dec-2015 05:01:55 UTC] PHP Strict Standards:  Redefining already defined constructor for class WXR_Parser_Regex in /Applications/MAMP/htdocs/rsk/wp-content/plugins/wordpress-importer/parsers.php on line 408
[30-Dec-2015 05:01:55 UTC] PHP Strict Standards:  Declaration of WP_Import::bump_request_timeout() should be compatible with WP_Importer::bump_request_timeout($val) in /Applications/MAMP/htdocs/rsk/wp-content/plugins/wordpress-importer/wordpress-importer.php on line 38
[30-Dec-2015 18:26:52 UTC] PHP Strict Standards:  Only variables should be assigned by reference in /Applications/MAMP/htdocs/rsk/wp-content/plugins/permalink-editor/index.php on line 392
[30-Dec-2015 18:27:05 UTC] PHP Strict Standards:  Only variables should be assigned by reference in /Applications/MAMP/htdocs/rsk/wp-content/plugins/permalink-editor/index.php on line 392
[31-Dec-2015 20:57:59 UTC] PHP Strict Standards:  Only variables should be assigned by reference in /Applications/MAMP/htdocs/rsk/wp-content/plugins/permalink-editor/index.php on line 392
[31-Dec-2015 21:00:13 UTC] PHP Strict Standards:  Only variables should be assigned by reference in /Applications/MAMP/htdocs/rsk/wp-content/plugins/permalink-editor/index.php on line 392
[31-Dec-2015 21:05:04 UTC] PHP Strict Standards:  Only variables should be assigned by reference in /Applications/MAMP/htdocs/rsk/wp-content/plugins/permalink-editor/index.php on line 392
[31-Dec-2015 21:05:57 UTC] PHP Strict Standards:  Only variables should be assigned by reference in /Applications/MAMP/htdocs/rsk/wp-content/plugins/permalink-editor/index.php on line 392
[31-Dec-2015 21:06:25 UTC] PHP Strict Standards:  Only variables should be assigned by reference in /Applications/MAMP/htdocs/rsk/wp-content/plugins/permalink-editor/index.php on line 392
[31-Dec-2015 21:07:23 UTC] PHP Strict Standards:  Only variables should be assigned by reference in /Applications/MAMP/htdocs/rsk/wp-content/plugins/permalink-editor/index.php on line 392
[31-Dec-2015 21:07:36 UTC] PHP Strict Standards:  Only variables should be assigned by reference in /Applications/MAMP/htdocs/rsk/wp-content/plugins/permalink-editor/index.php on line 392
[31-Dec-2015 21:08:19 UTC] PHP Strict Standards:  Only variables should be assigned by reference in /Applications/MAMP/htdocs/rsk/wp-content/plugins/permalink-editor/index.php on line 392
